<?xml version="1.0" encoding="UTF-8"?>
<!-- Generated by org.testng.reporters.JUnitReportReporter -->
<testsuite hostname="Mohamed-Saeed" failures="0" tests="3" name="tests.UserRegistrationTestWithDDTAndJSON" time="5.081" errors="0" timestamp="2023-10-28T20:18:55 EET" skipped="0">
  <testcase classname="tests.UserRegistrationTestWithDDTAndJSON" name="RegisteredUserCanLogin" time="1.385"/>
  <system-out/>
  <testcase classname="tests.UserRegistrationTestWithDDTAndJSON" name="RegisteredUserCanLogout" time="0.792"/>
  <system-out/>
  <testcase classname="tests.UserRegistrationTestWithDDTAndJSON" name="UserCanRegisterSuccssfully" time="2.904"/>
  <system-out/>
</testsuite> <!-- tests.UserRegistrationTestWithDDTAndJSON -->
