<?xml version="1.0" encoding="UTF-8"?>
<!-- Generated by org.testng.reporters.JUnitReportReporter -->
<testsuite hostname="Mohamed-Saeed" failures="0" tests="3" name="tests.UserRegistrationTest" time="4.931" errors="0" timestamp="2023-10-28T19:21:16 EET" skipped="0">
  <testcase classname="tests.UserRegistrationTest" name="RegisteredUserCanLogin" time="1.328"/>
  <system-out/>
  <testcase classname="tests.UserRegistrationTest" name="RegisteredUserCanLogout" time="0.723"/>
  <system-out/>
  <testcase classname="tests.UserRegistrationTest" name="UserCanRegisterSuccssfully" time="2.880"/>
  <system-out/>
</testsuite> <!-- tests.UserRegistrationTest -->
